<?xml version="1.0" encoding="UTF-8"?>
<!-- Generated by org.testng.reporters.JUnitReportReporter -->
<testsuite skipped="0" hostname="DESKTOP-30FM7VO" name="com.qa.testcases.ShopPageTest" tests="2" failures="0" timestamp="06 May 2021 07:24:02 GMT" time="25.643" errors="0">
  <testcase name="test_VerifyCartItems" time="12.014" classname="com.qa.testcases.ShopPageTest"/>
  <testcase name="test_VerifyAdvancedCartItems" time="13.629" classname="com.qa.testcases.ShopPageTest"/>
</testsuite> <!-- com.qa.testcases.ShopPageTest -->
