<?xml version="1.0" encoding="UTF-8"?>
<!-- Generated by org.testng.reporters.JUnitReportReporter -->
<testsuite skipped="0" hostname="DESKTOP-30FM7VO" name="com.qa.testcases.ContactsPageTest" tests="2" failures="0" timestamp="06 May 2021 07:24:02 GMT" time="46.874" errors="0">
  <testcase name="verifyMandatoryContactDetails" time="11.342" classname="com.qa.testcases.ContactsPageTest"/>
  <testcase name="validateCreateNewContact" time="35.532" classname="com.qa.testcases.ContactsPageTest"/>
</testsuite> <!-- com.qa.testcases.ContactsPageTest -->
